android/build/intermediates/manifest_merge_blame_file/debug/manifest-merger-blame-debug-report.txt
1<?xml version="1.0" encoding="utf-8"?>
2<manifest xmlns:android="http://schemas.android.com/apk/res/android"
3    package="com.ajith.voipcall"
4    android:versionCode="1"
5    android:versionName="1.0" >
6
7    <uses-sdk
8        android:minSdkVersion="16"
8-->src/main/AndroidManifest.xml
9        android:targetSdkVersion="28" />
9-->src/main/AndroidManifest.xml
10
11    <application>
11-->src/main/AndroidManifest.xml:4:9-6:23
12        <receiver android:name="com.ajith.voipcall.RNVoipBroadcastReciever" />
12-->src/main/AndroidManifest.xml:5:13-83
12-->src/main/AndroidManifest.xml:5:23-80
13    </application>
14
15</manifest>